  AnimatedTexture.cpp
c:\sdl\galaga\sdlgalaga\timer.h(3): fatal error C1083: Cannot open include file: 'SDL.h': No such file or directory
  AssetManager.cpp
c:\sdl\galaga\sdlgalaga\graphics.h(4): fatal error C1083: Cannot open include file: 'SDL.h': No such file or directory
  AudioManager.cpp
c:\sdl\galaga\sdlgalaga\graphics.h(4): fatal error C1083: Cannot open include file: 'SDL.h': No such file or directory
  BackgroundStars.cpp
c:\sdl\galaga\sdlgalaga\timer.h(3): fatal error C1083: Cannot open include file: 'SDL.h': No such file or directory
  BezierPath.cpp
c:\sdl\galaga\sdlgalaga\mathhelper.h(137): warning C4244: '=': conversion from 'double' to 'float', possible loss of data
c:\sdl\galaga\sdlgalaga\mathhelper.h(138): warning C4244: '=': conversion from 'double' to 'float', possible loss of data
  Boss.cpp
c:\sdl\galaga\sdlgalaga\timer.h(3): fatal error C1083: Cannot open include file: 'SDL.h': No such file or directory
  BoxCollider.cpp
c:\sdl\galaga\sdlgalaga\mathhelper.h(137): warning C4244: '=': conversion from 'double' to 'float', possible loss of data
c:\sdl\galaga\sdlgalaga\mathhelper.h(138): warning C4244: '=': conversion from 'double' to 'float', possible loss of data
c:\sdl\galaga\sdlgalaga\graphics.h(4): fatal error C1083: Cannot open include file: 'SDL.h': No such file or directory
  Bullet.cpp
c:\sdl\galaga\sdlgalaga\graphics.h(4): fatal error C1083: Cannot open include file: 'SDL.h': No such file or directory
  Butterfly.cpp
c:\sdl\galaga\sdlgalaga\timer.h(3): fatal error C1083: Cannot open include file: 'SDL.h': No such file or directory
  CaptureBeamcpp.cpp
c:\sdl\galaga\sdlgalaga\timer.h(3): fatal error C1083: Cannot open include file: 'SDL.h': No such file or directory
  CircleCollider.cpp
c:\sdl\galaga\sdlgalaga\mathhelper.h(137): warning C4244: '=': conversion from 'double' to 'float', possible loss of data
c:\sdl\galaga\sdlgalaga\mathhelper.h(138): warning C4244: '=': conversion from 'double' to 'float', possible loss of data
c:\sdl\galaga\sdlgalaga\graphics.h(4): fatal error C1083: Cannot open include file: 'SDL.h': No such file or directory
  Collider.cpp
c:\sdl\galaga\sdlgalaga\mathhelper.h(137): warning C4244: '=': conversion from 'double' to 'float', possible loss of data
c:\sdl\galaga\sdlgalaga\mathhelper.h(138): warning C4244: '=': conversion from 'double' to 'float', possible loss of data
c:\sdl\galaga\sdlgalaga\graphics.h(4): fatal error C1083: Cannot open include file: 'SDL.h': No such file or directory
  Enemy.cpp
c:\sdl\galaga\sdlgalaga\timer.h(3): fatal error C1083: Cannot open include file: 'SDL.h': No such file or directory
  Formation.cpp
c:\sdl\galaga\sdlgalaga\mathhelper.h(137): warning C4244: '=': conversion from 'double' to 'float', possible loss of data
c:\sdl\galaga\sdlgalaga\mathhelper.h(138): warning C4244: '=': conversion from 'double' to 'float', possible loss of data
c:\sdl\galaga\sdlgalaga\timer.h(3): fatal error C1083: Cannot open include file: 'SDL.h': No such file or directory
  GameEntity.cpp
c:\sdl\galaga\sdlgalaga\mathhelper.h(137): warning C4244: '=': conversion from 'double' to 'float', possible loss of data
c:\sdl\galaga\sdlgalaga\mathhelper.h(138): warning C4244: '=': conversion from 'double' to 'float', possible loss of data
c:\sdl\galaga\sdlgalaga\gameentity.cpp(48): warning C4244: 'initializing': conversion from 'float' to 'int', possible loss of data
c:\sdl\galaga\sdlgalaga\gameentity.cpp(53): warning C4244: 'initializing': conversion from 'float' to 'int', possible loss of data
  GameManager.cpp
c:\sdl\galaga\sdlgalaga\graphics.h(4): fatal error C1083: Cannot open include file: 'SDL.h': No such file or directory
  Graphics.cpp
c:\sdl\galaga\sdlgalaga\graphics.h(4): fatal error C1083: Cannot open include file: 'SDL.h': No such file or directory
  InputManager.cpp
c:\sdl\galaga\sdlgalaga\inputmanager.h(3): fatal error C1083: Cannot open include file: 'SDL.h': No such file or directory
  Level.cpp
c:\sdl\galaga\sdlgalaga\inputmanager.h(3): fatal error C1083: Cannot open include file: 'SDL.h': No such file or directory
  main.cpp
c:\sdl\galaga\sdlgalaga\graphics.h(4): fatal error C1083: Cannot open include file: 'SDL.h': No such file or directory
  Generating Code...
  Compiling...
  PhysicsEntity.cpp
c:\sdl\galaga\sdlgalaga\graphics.h(4): fatal error C1083: Cannot open include file: 'SDL.h': No such file or directory
  PhysicsManager.cpp
c:\sdl\galaga\sdlgalaga\graphics.h(4): fatal error C1083: Cannot open include file: 'SDL.h': No such file or directory
  Player.cpp
c:\sdl\galaga\sdlgalaga\timer.h(3): fatal error C1083: Cannot open include file: 'SDL.h': No such file or directory
  PlayScreen.cpp
c:\sdl\galaga\sdlgalaga\inputmanager.h(3): fatal error C1083: Cannot open include file: 'SDL.h': No such file or directory
  PlaySideBar.cpp
c:\sdl\galaga\sdlgalaga\timer.h(3): fatal error C1083: Cannot open include file: 'SDL.h': No such file or directory
  Scoreboard.cpp
c:\sdl\galaga\sdlgalaga\mathhelper.h(137): warning C4244: '=': conversion from 'double' to 'float', possible loss of data
c:\sdl\galaga\sdlgalaga\mathhelper.h(138): warning C4244: '=': conversion from 'double' to 'float', possible loss of data
c:\sdl\galaga\sdlgalaga\graphics.h(4): fatal error C1083: Cannot open include file: 'SDL.h': No such file or directory
  ScreenManager.cpp
c:\sdl\galaga\sdlgalaga\timer.h(3): fatal error C1083: Cannot open include file: 'SDL.h': No such file or directory
  Star.cpp
c:\sdl\galaga\sdlgalaga\timer.h(3): fatal error C1083: Cannot open include file: 'SDL.h': No such file or directory
  StarLayer.cpp
c:\sdl\galaga\sdlgalaga\timer.h(3): fatal error C1083: Cannot open include file: 'SDL.h': No such file or directory
  StartScreen.cpp
c:\sdl\galaga\sdlgalaga\timer.h(3): fatal error C1083: Cannot open include file: 'SDL.h': No such file or directory
  Texture.cpp
c:\sdl\galaga\sdlgalaga\mathhelper.h(137): warning C4244: '=': conversion from 'double' to 'float', possible loss of data
c:\sdl\galaga\sdlgalaga\mathhelper.h(138): warning C4244: '=': conversion from 'double' to 'float', possible loss of data
c:\sdl\galaga\sdlgalaga\graphics.h(4): fatal error C1083: Cannot open include file: 'SDL.h': No such file or directory
  Timer.cpp
c:\sdl\galaga\sdlgalaga\timer.h(3): fatal error C1083: Cannot open include file: 'SDL.h': No such file or directory
  Wasp.cpp
c:\sdl\galaga\sdlgalaga\timer.h(3): fatal error C1083: Cannot open include file: 'SDL.h': No such file or directory
  Generating Code...
